<?xml version="1.0" encoding="UTF-8"?>
<testng-results total="1" passed="1" failed="0" skipped="0">
  <reporter-output>
  </reporter-output>
  <suite started-at="2024-09-18T02:07:59Z" name="Suite" finished-at="2024-09-18T02:08:29Z" duration-ms="29720">
    <groups>
    </groups>
    <test started-at="2024-09-18T02:07:59Z" name="Test" finished-at="2024-09-18T02:08:29Z" duration-ms="29720">
      <class name="package1.LaunchApp">
        <test-method signature="launchTest()[pri:0, instance:package1.LaunchApp@7674f035]" started-at="2024-09-18T07:37:59Z" name="launchTest" finished-at="2024-09-18T07:38:29Z" duration-ms="29696" status="PASS">
          <reporter-output>
          </reporter-output>
        </test-method> <!-- launchTest -->
      </class> <!-- package1.LaunchApp -->
    </test> <!-- Test -->
  </suite> <!-- Suite -->
</testng-results>
